#
# A fatal error has been detected by the Java Runtime Environment:
#
#  SIGSEGV (0xb) at pc=0x000000011d2f6b35, pid=6604, tid=0x0000000000011f07
#
# JRE version: OpenJDK Runtime Environment (8.0_152-b06) (build 1.8.0_152-release-1136-b06)
# Java VM: OpenJDK 64-Bit Server VM (25.152-b06 mixed mode bsd-amd64 compressed oops)
# Problematic frame:
# C  [libgdx-box2d64.dylib+0xab35]  b2BlockAllocator::Allocate(int)+0x65
#
# Failed to write core dump. Core dumps have been disabled. To enable core dumping, try "ulimit -c unlimited" before starting Java again
#
# If you would like to submit a bug report, please visit:
#   http://bugreport.java.com/bugreport/crash.jsp
# The crash happened outside the Java Virtual Machine in native code.
# See problematic frame for where to report the bug.
#

---------------  T H R E A D  ---------------

Current thread (0x00007fdad89c3800):  JavaThread "LWJGL Application" [_thread_in_native, id=73479, stack(0x00007000017cf000,0x00007000018cf000)]

siginfo: si_signo: 11 (SIGSEGV), si_code: 1 (SEGV_MAPERR), si_addr: 0x00007ffad92cf340

Registers:
RAX=0x00007ffad92cf340, RBX=0x000000011cfcb3d0, RCX=0x000000011d31ff20, RDX=0x00007fdad82bf000
RSP=0x00007000018ce1a0, RBP=0x00007000018ce1e0, RSI=0x00000000000000b8, RDI=0x00007fdad82bf000
R8 =0x0000000000000001, R9 =0x0000000000000001, R10=0x000000010aa4337b, R11=0x0000000101cbe183
R12=0x00007fdad82bf000, R13=0x000000011cfcb3d0, R14=0x00007fdad82bf000, R15=0x0000000000000006
RIP=0x000000011d2f6b35, EFLAGS=0x0000000000010202, ERR=0x0000000000000004
  TRAPNO=0x000000000000000e

Top of Stack: (sp=0x00007000018ce1a0)
0x00007000018ce1a0:   000000011cfcb3d0 00007fdad89c3800
0x00007000018ce1b0:   a3a3a3a3a3a3a3a3 000000011cfcb3d0
0x00007000018ce1c0:   0000000000000000 000000011cfcb3d0
0x00007000018ce1d0:   00007fdad82bf000 00007000018ce220
0x00007000018ce1e0:   00007000018ce210 000000011d30aeb7
0x00007000018ce1f0:   0000000000000002 000000011cfcb3d0
0x00007000018ce200:   00007000018ce3f0 00007fdad89c3800
0x00007000018ce210:   00007000018ce260 000000011d31090f
0x00007000018ce220:   4189999a00000002 000000003f6147ae
0x00007000018ce230:   0000000000000000 0000000000000000
0x00007000018ce240:   0000010100000000 0000000000000001
0x00007000018ce250:   0000000000000000 000000003f800000
0x00007000018ce260:   00007000018ce348 000000010aa433a7
0x00007000018ce270:   0000000000000000 0000000000000000
0x00007000018ce280:   0000000000000001 000000003f800000
0x00007000018ce290:   0000000000000000 00007000018ce350
0x00007000018ce2a0:   00007000018ce320 00007fff688213d4
0x00007000018ce2b0:   00007000018ce2e0 0000000001000c40
0x00007000018ce2c0:   000000040000103b 0000000000000000
0x00007000018ce2d0:   0000000100000000 0000000000000001
0x00007000018ce2e0:   0000000000000000 0000000001000024
0x00007000018ce2f0:   000001e000000280 000001e000000280
0x00007000018ce300:   0000000100004740 00007000018ce308
0x00007000018ce310:   000000011cfcb3d0 00007000018ce3f0
0x00007000018ce320:   000000011cfdcb58 0000000000000000
0x00007000018ce330:   000000011cfcb3d0 0000000000000000
0x00007000018ce340:   00007000018ce368 00007000018ce438
0x00007000018ce350:   000000010aa32b10 0000000000000000
0x00007000018ce360:   000000010aa3ca57 000000013f800000
0x00007000018ce370:   0000000000000001 0000000000000000
0x00007000018ce380:   0000000000000000 0000000000000001
0x00007000018ce390:   0000000000000001 0000700000000000 

Instructions: (pc=0x000000011d2f6b35)
0x000000011d2f6b15:   48 8d 0d 04 94 02 00 44 0f b6 3c 08 49 83 ff 0e
0x000000011d2f6b25:   0f 83 c3 01 00 00 4b 8b 44 fc 10 48 85 c0 74 0d
0x000000011d2f6b35:   48 8b 08 4b 89 4c fc 10 e9 7e 01 00 00 41 8b 7c
0x000000011d2f6b45:   24 08 41 3b 7c 24 0c 75 52 4d 8b 34 24 83 ef 80 

Register to memory mapping:

RAX=0x00007ffad92cf340 is an unknown value
RBX={method} {0x000000011cfcb3d0} 'jniCreateBody' '(JIFFFFFFFFZZZZZF)J' in 'com/badlogic/gdx/physics/box2d/World'
RCX=0x000000011d31ff20: _ZN16b2BlockAllocator17s_blockSizeLookupE+0 in /private/var/folders/8c/d_m_t3rj4jg54_3qg1bkm5xr0000gn/T/libgdxaryan/b49a574f/libgdx-box2d64.dylib at 0x000000011d2ec000
RDX=0x00007fdad82bf000 is an unknown value
RSP=0x00007000018ce1a0 is pointing into the stack for thread: 0x00007fdad89c3800
RBP=0x00007000018ce1e0 is pointing into the stack for thread: 0x00007fdad89c3800
RSI=0x00000000000000b8 is an unknown value
RDI=0x00007fdad82bf000 is an unknown value
R8 =0x0000000000000001 is an unknown value
R9 =0x0000000000000001 is an unknown value
R10=0x000000010aa4337b is at code_begin+859 in an Interpreter codelet
method entry point (kind = native)  [0x000000010aa43020, 0x000000010aa43980]  2400 bytes
R11=0x0000000101cbe183: throw_unsatisfied_link_error+0 in /Applications/Android Studio.app/Contents/jre/jdk/Contents/Home/jre/lib/server/libjvm.dylib at 0x0000000101800000
R12=0x00007fdad82bf000 is an unknown value
R13={method} {0x000000011cfcb3d0} 'jniCreateBody' '(JIFFFFFFFFZZZZZF)J' in 'com/badlogic/gdx/physics/box2d/World'
R14=0x00007fdad82bf000 is an unknown value
R15=0x0000000000000006 is an unknown value


Stack: [0x00007000017cf000,0x00007000018cf000],  sp=0x00007000018ce1a0,  free space=1020k
Native frames: (J=compiled Java code, j=interpreted, Vv=VM code, C=native code)
C  [libgdx-box2d64.dylib+0xab35]  b2BlockAllocator::Allocate(int)+0x65
C  [libgdx-box2d64.dylib+0x1eeb7]  b2World::CreateBody(b2BodyDef const*)+0x27
C  [libgdx-box2d64.dylib+0x2490f]  Java_com_badlogic_gdx_physics_box2d_World_jniCreateBody+0x7f
j  com.badlogic.gdx.physics.box2d.World.jniCreateBody(JIFFFFFFFFZZZZZF)J+0
j  com.badlogic.gdx.physics.box2d.World.createBody(Lcom/badlogic/gdx/physics/box2d/BodyDef;)Lcom/badlogic/gdx/physics/box2d/Body;+80
j  com.mariobrosaryan.game.Items.Mushroom.defineItem()V+37
j  com.mariobrosaryan.game.Items.Item.<init>(Lcom/mariobrosaryan/game/Screens/PlayScreen;FF)V+40
j  com.mariobrosaryan.game.Items.Mushroom.<init>(Lcom/mariobrosaryan/game/Screens/PlayScreen;FF)V+4
J 1364 C1 com.mariobrosaryan.game.Screens.PlayScreen.handleSpawningItems()V (60 bytes) @ 0x000000010af0c4d4 [0x000000010af0c100+0x3d4]
J 1311 C1 com.mariobrosaryan.game.Screens.PlayScreen.update(F)V (178 bytes) @ 0x000000010aed3044 [0x000000010aed2f60+0xe4]
J 1312 C1 com.mariobrosaryan.game.Screens.PlayScreen.render(F)V (223 bytes) @ 0x000000010aeee63c [0x000000010aeee5a0+0x9c]
J 1407 C1 com.mariobrosaryan.game.MarioBros.render()V (5 bytes) @ 0x000000010af53924 [0x000000010af53760+0x1c4]
j  com.badlogic.gdx.backends.lwjgl.LwjglApplication.mainLoop()V+698
j  com.badlogic.gdx.backends.lwjgl.LwjglApplication$1.run()V+27
v  ~StubRoutines::call_stub
V  [libjvm.dylib+0x2cd8c8]  JavaCalls::call_helper(JavaValue*, methodHandle*, JavaCallArguments*, Thread*)+0x746
V  [libjvm.dylib+0x2cc5cd]  JavaCalls::call_virtual(JavaValue*, KlassHandle, Symbol*, Symbol*, JavaCallArguments*, Thread*)+0x139
V  [libjvm.dylib+0x2cc7eb]  JavaCalls::call_virtual(JavaValue*, Handle, KlassHandle, Symbol*, Symbol*, Thread*)+0x59
V  [libjvm.dylib+0x31c59a]  thread_entry(JavaThread*, Thread*)+0x78
V  [libjvm.dylib+0x5326e8]  JavaThread::thread_main_inner()+0x82
V  [libjvm.dylib+0x5325ad]  JavaThread::run()+0x199
V  [libjvm.dylib+0x45fb89]  java_start(Thread*)+0xfa
C  [libsystem_pthread.dylib+0x3305]  _pthread_body+0x7e
C  [libsystem_pthread.dylib+0x626f]  _pthread_start+0x46
C  [libsystem_pthread.dylib+0x2415]  thread_start+0xd
C  0x0000000000000000

Java frames: (J=compiled Java code, j=interpreted, Vv=VM code)
j  com.badlogic.gdx.physics.box2d.World.jniCreateBody(JIFFFFFFFFZZZZZF)J+0
j  com.badlogic.gdx.physics.box2d.World.createBody(Lcom/badlogic/gdx/physics/box2d/BodyDef;)Lcom/badlogic/gdx/physics/box2d/Body;+80
j  com.mariobrosaryan.game.Items.Mushroom.defineItem()V+37
j  com.mariobrosaryan.game.Items.Item.<init>(Lcom/mariobrosaryan/game/Screens/PlayScreen;FF)V+40
j  com.mariobrosaryan.game.Items.Mushroom.<init>(Lcom/mariobrosaryan/game/Screens/PlayScreen;FF)V+4
J 1364 C1 com.mariobrosaryan.game.Screens.PlayScreen.handleSpawningItems()V (60 bytes) @ 0x000000010af0c4d4 [0x000000010af0c100+0x3d4]
J 1311 C1 com.mariobrosaryan.game.Screens.PlayScreen.update(F)V (178 bytes) @ 0x000000010aed3044 [0x000000010aed2f60+0xe4]
J 1312 C1 com.mariobrosaryan.game.Screens.PlayScreen.render(F)V (223 bytes) @ 0x000000010aeee63c [0x000000010aeee5a0+0x9c]
J 1407 C1 com.mariobrosaryan.game.MarioBros.render()V (5 bytes) @ 0x000000010af53924 [0x000000010af53760+0x1c4]
j  com.badlogic.gdx.backends.lwjgl.LwjglApplication.mainLoop()V+698
j  com.badlogic.gdx.backends.lwjgl.LwjglApplication$1.run()V+27
v  ~StubRoutines::call_stub

---------------  P R O C E S S  ---------------

Java Threads: ( => current thread )
  0x00007fdadb123800 JavaThread "AWT-Shutdown" [_thread_blocked, id=38663, stack(0x0000700000387000,0x0000700000487000)]
  0x00007fdad89e9800 JavaThread "AsynchExecutor-Thread" daemon [_thread_blocked, id=60947, stack(0x00007000018d2000,0x00007000019d2000)]
  0x00007fdad9142000 JavaThread "DestroyJavaVM" [_thread_blocked, id=6403, stack(0x000070000048d000,0x000070000058d000)]
=>0x00007fdad89c3800 JavaThread "LWJGL Application" [_thread_in_native, id=73479, stack(0x00007000017cf000,0x00007000018cf000)]
  0x00007fdad8937000 JavaThread "AWT-AppKit" daemon [_thread_in_native, id=775, stack(0x00007ffeee48c000,0x00007ffeeec8c000)]
  0x00007fdad98a3000 JavaThread "Service Thread" daemon [_thread_blocked, id=16131, stack(0x00007000011b4000,0x00007000012b4000)]
  0x00007fdad886b000 JavaThread "C1 CompilerThread2" daemon [_thread_blocked, id=15619, stack(0x00007000010b1000,0x00007000011b1000)]
  0x00007fdad9899800 JavaThread "C2 CompilerThread1" daemon [_thread_blocked, id=19459, stack(0x0000700000fae000,0x00007000010ae000)]
  0x00007fdad8837800 JavaThread "C2 CompilerThread0" daemon [_thread_blocked, id=19715, stack(0x0000700000eab000,0x0000700000fab000)]
  0x00007fdad8065800 JavaThread "Monitor Ctrl-Break" daemon [_thread_in_native, id=19971, stack(0x0000700000da8000,0x0000700000ea8000)]
  0x00007fdad9037000 JavaThread "Signal Dispatcher" daemon [_thread_blocked, id=14595, stack(0x0000700000ca5000,0x0000700000da5000)]
  0x00007fdad9003800 JavaThread "Finalizer" daemon [_thread_blocked, id=21251, stack(0x0000700000ba2000,0x0000700000ca2000)]
  0x00007fdad880e800 JavaThread "Reference Handler" daemon [_thread_blocked, id=12547, stack(0x0000700000a9f000,0x0000700000b9f000)]

Other Threads:
  0x00007fdad880c000 VMThread [stack: 0x000070000099c000,0x0000700000a9c000] [id=12035]
  0x00007fdad8066800 WatcherThread [stack: 0x00007000012b7000,0x00007000013b7000] [id=18691]

VM state:not at safepoint (normal execution)

VM Mutex/Monitor currently owned by a thread: None

Heap:
 PSYoungGen      total 38400K, used 8948K [0x0000000795580000, 0x0000000798000000, 0x00000007c0000000)
  eden space 33280K, 11% used [0x0000000795580000,0x0000000795942570,0x0000000797600000)
  from space 5120K, 99% used [0x0000000797600000,0x0000000797afac38,0x0000000797b00000)
  to   space 5120K, 0% used [0x0000000797b00000,0x0000000797b00000,0x0000000798000000)
 ParOldGen       total 87552K, used 2846K [0x0000000740000000, 0x0000000745580000, 0x0000000795580000)
  object space 87552K, 3% used [0x0000000740000000,0x00000007402c79f0,0x0000000745580000)
 Metaspace       used 10671K, capacity 10819K, committed 11136K, reserved 1058816K
  class space    used 1026K, capacity 1080K, committed 1152K, reserved 1048576K

Card table byte_map: [0x00000001026de000,0x0000000102adf000] byte_map_base: 0x00000000fecde000

Marking Bits: (ParMarkBitMap*) 0x000000010202c8f8
 Begin Bits: [0x0000000102d8a000, 0x0000000104d8a000)
 End Bits:   [0x0000000104d8a000, 0x0000000106d8a000)

Polling page: 0x0000000100fdc000

CodeCache: size=245760Kb used=5484Kb max_used=5484Kb free=240275Kb
 bounds [0x000000010aa2b000, 0x000000010af9b000, 0x0000000119a2b000]
 total_blobs=1945 nmethods=1448 adapters=412
 compilation: enabled

Compilation events (10 events):
Event: 17.449 Thread 0x00007fdad9899800 1443       4       com.badlogic.gdx.scenes.scene2d.ui.Label::draw (140 bytes)
Event: 17.474 Thread 0x00007fdad9899800 nmethod 1443 0x000000010af73250 code [0x000000010af73500, 0x000000010af74490]
Event: 17.960 Thread 0x00007fdad886b000 1445       3       sun.awt.AWTAutoShutdown::getInstance (4 bytes)
Event: 17.960 Thread 0x00007fdad886b000 nmethod 1445 0x000000010af50e50 code [0x000000010af50fa0, 0x000000010af510d0]
Event: 17.960 Thread 0x00007fdad886b000 1446   !   3       sun.awt.AWTAutoShutdown::setToolkitBusy (124 bytes)
Event: 17.961 Thread 0x00007fdad886b000 nmethod 1446 0x000000010af6f0d0 code [0x000000010af6f2a0, 0x000000010af6fb48]
Event: 18.434 Thread 0x00007fdad886b000 1447       3       com.badlogic.gdx.scenes.scene2d.ui.Value$3::get (30 bytes)
Event: 18.434 Thread 0x00007fdad886b000 nmethod 1447 0x000000010af7a010 code [0x000000010af7a1a0, 0x000000010af7a748]
Event: 18.434 Thread 0x00007fdad886b000 1448       3       com.badlogic.gdx.scenes.scene2d.ui.Value$4::get (30 bytes)
Event: 18.435 Thread 0x00007fdad886b000 nmethod 1448 0x000000010af79790 code [0x000000010af79920, 0x000000010af79ec8]

GC Heap History (2 events):
Event: 1.978 GC heap before
{Heap before GC invocations=1 (full 0):
 PSYoungGen      total 38400K, used 33280K [0x0000000795580000, 0x0000000798000000, 0x00000007c0000000)
  eden space 33280K, 100% used [0x0000000795580000,0x0000000797600000,0x0000000797600000)
  from space 5120K, 0% used [0x0000000797b00000,0x0000000797b00000,0x0000000798000000)
  to   space 5120K, 0% used [0x0000000797600000,0x0000000797600000,0x0000000797b00000)
 ParOldGen       total 87552K, used 0K [0x0000000740000000, 0x0000000745580000, 0x0000000795580000)
  object space 87552K, 0% used [0x0000000740000000,0x0000000740000000,0x0000000745580000)
 Metaspace       used 9960K, capacity 10147K, committed 10368K, reserved 1058816K
  class space    used 985K, capacity 1048K, committed 1152K, reserved 1048576K
Event: 1.989 GC heap after
Heap after GC invocations=1 (full 0):
 PSYoungGen      total 38400K, used 5099K [0x0000000795580000, 0x0000000798000000, 0x00000007c0000000)
  eden space 33280K, 0% used [0x0000000795580000,0x0000000795580000,0x0000000797600000)
  from space 5120K, 99% used [0x0000000797600000,0x0000000797afac38,0x0000000797b00000)
  to   space 5120K, 0% used [0x0000000797b00000,0x0000000797b00000,0x0000000798000000)
 ParOldGen       total 87552K, used 2846K [0x0000000740000000, 0x0000000745580000, 0x0000000795580000)
  object space 87552K, 3% used [0x0000000740000000,0x00000007402c79f0,0x0000000745580000)
 Metaspace       used 9960K, capacity 10147K, committed 10368K, reserved 1058816K
  class space    used 985K, capacity 1048K, committed 1152K, reserved 1048576K
}

Deoptimization events (10 events):
Event: 2.065 Thread 0x00007fdad89c3800 Uncommon trap: reason=unstable_if action=reinterpret pc=0x000000010ad5fb04 method=com.badlogic.gdx.backends.lwjgl.audio.OggInputStream.read()I @ 8
Event: 5.518 Thread 0x00007fdad89c3800 Uncommon trap: reason=unstable_if action=reinterpret pc=0x000000010ae5cc2c method=com.badlogic.gdx.maps.tiled.renderers.OrthogonalTiledMapRenderer.renderTileLayer(Lcom/badlogic/gdx/maps/tiled/TiledMapTileLayer;)V @ 284
Event: 5.533 Thread 0x00007fdad89c3800 Uncommon trap: reason=unstable_if action=reinterpret pc=0x000000010ae35c8c method=com.badlogic.gdx.utils.Array.iterator()Ljava/util/Iterator; @ 4
Event: 5.533 Thread 0x00007fdad89c3800 Uncommon trap: reason=unstable_if action=reinterpret pc=0x000000010ae26590 method=com.badlogic.gdx.utils.Array$ArrayIterable.iterator()Ljava/util/Iterator; @ 4
Event: 5.534 Thread 0x00007fdad89c3800 Uncommon trap: reason=unstable_if action=reinterpret pc=0x000000010ae1f988 method=com.badlogic.gdx.physics.box2d.Fixture.getShape()Lcom/badlogic/gdx/physics/box2d/Shape; @ 4
Event: 8.882 Thread 0x00007fdad89c3800 Uncommon trap: reason=unstable_if action=reinterpret pc=0x000000010aecf128 method=com.badlogic.gdx.physics.box2d.Box2DDebugRenderer.getColorByBody(Lcom/badlogic/gdx/physics/box2d/Body;)Lcom/badlogic/gdx/graphics/Color; @ 46
Event: 8.882 Thread 0x00007fdad89c3800 Uncommon trap: reason=unstable_if action=reinterpret pc=0x000000010ae2eba0 method=com.badlogic.gdx.physics.box2d.Box2DDebugRenderer.getColorByBody(Lcom/badlogic/gdx/physics/box2d/Body;)Lcom/badlogic/gdx/graphics/Color; @ 46
Event: 15.800 Thread 0x00007fdad89c3800 Uncommon trap: reason=unstable_if action=reinterpret pc=0x000000010aeaac4c method=com.jcraft.jorbis.Floor1.inverse1(Lcom/jcraft/jorbis/Block;Ljava/lang/Object;Ljava/lang/Object;)Ljava/lang/Object; @ 31
Event: 15.800 Thread 0x00007fdad89c3800 Uncommon trap: reason=unstable_if action=reinterpret pc=0x000000010ada92e0 method=com.jcraft.jorbis.Mapping0.inverse(Lcom/jcraft/jorbis/Block;Ljava/lang/Object;)I @ 214
Event: 15.801 Thread 0x00007fdad89c3800 Uncommon trap: reason=unstable_if action=reinterpret pc=0x000000010aed1c2c method=com.jcraft.jorbis.Floor1.inverse2(Lcom/jcraft/jorbis/Block;Ljava/lang/Object;Ljava/lang/Object;[F)I @ 33

Classes redefined (0 events):
No events

Internal exceptions (10 events):
Event: 1.069 Thread 0x00007fdad9801800 Exception <a 'java/security/PrivilegedActionException'> (0x0000000795dcfa60) thrown at [/Volumes/android/AOSP-openjdk-git/jdk8u/hotspot/src/share/vm/prims/jvm.cpp, line 1390]
Event: 1.069 Thread 0x00007fdad9801800 Exception <a 'java/security/PrivilegedActionException'> (0x0000000795dd0b80) thrown at [/Volumes/android/AOSP-openjdk-git/jdk8u/hotspot/src/share/vm/prims/jvm.cpp, line 1390]
Event: 1.070 Thread 0x00007fdad9801800 Exception <a 'java/security/PrivilegedActionException'> (0x0000000795dd6078) thrown at [/Volumes/android/AOSP-openjdk-git/jdk8u/hotspot/src/share/vm/prims/jvm.cpp, line 1390]
Event: 1.070 Thread 0x00007fdad9801800 Exception <a 'java/security/PrivilegedActionException'> (0x0000000795dd6cd0) thrown at [/Volumes/android/AOSP-openjdk-git/jdk8u/hotspot/src/share/vm/prims/jvm.cpp, line 1390]
Event: 1.070 Thread 0x00007fdad9801800 Exception <a 'java/security/PrivilegedActionException'> (0x0000000795dd78f8) thrown at [/Volumes/android/AOSP-openjdk-git/jdk8u/hotspot/src/share/vm/prims/jvm.cpp, line 1390]
Event: 5.518 Thread 0x00007fdad89c3800 Implicit null exception at 0x000000010ae5c170 to 0x000000010ae5cbd9
Event: 5.533 Thread 0x00007fdad89c3800 Implicit null exception at 0x000000010ae35745 to 0x000000010ae35c65
Event: 5.533 Thread 0x00007fdad89c3800 Implicit null exception at 0x000000010ae26510 to 0x000000010ae2657d
Event: 5.534 Thread 0x00007fdad89c3800 Implicit null exception at 0x000000010ae1cebc to 0x000000010ae1f97d
Event: 15.801 Thread 0x00007fdad89c3800 Implicit null exception at 0x000000010aed14c4 to 0x000000010aed1c09

Events (10 events):
Event: 16.500 Thread 0x00007fdad89c3800 DEOPT PACKING pc=0x000000010af67d5d sp=0x00007000018ce540
Event: 16.500 Thread 0x00007fdad89c3800 DEOPT UNPACKING pc=0x000000010aa724c4 sp=0x00007000018ce290 mode 0
Event: 16.501 Thread 0x00007fdad89c3800 DEOPT PACKING pc=0x000000010af714ec sp=0x00007000018ce470
Event: 16.501 Thread 0x00007fdad89c3800 DEOPT UNPACKING pc=0x000000010aa724c4 sp=0x00007000018ce1c8 mode 0
Event: 17.199 Thread 0x00007fdad89c3800 DEOPT PACKING pc=0x000000010af714ec sp=0x00007000018ce470
Event: 17.199 Thread 0x00007fdad89c3800 DEOPT UNPACKING pc=0x000000010aa724c4 sp=0x00007000018ce1c8 mode 0
Event: 17.433 Thread 0x00007fdad89c3800 DEOPT PACKING pc=0x000000010af71392 sp=0x00007000018ce470
Event: 17.433 Thread 0x00007fdad89c3800 DEOPT UNPACKING pc=0x000000010aa724c4 sp=0x00007000018ce1c8 mode 0
Event: 18.116 Thread 0x00007fdad89c3800 DEOPT PACKING pc=0x000000010af714ec sp=0x00007000018ce470
Event: 18.116 Thread 0x00007fdad89c3800 DEOPT UNPACKING pc=0x000000010aa724c4 sp=0x00007000018ce1c8 mode 0


Dynamic libraries:
0x0000000020654000 	/System/Library/Frameworks/Cocoa.framework/Versions/A/Cocoa
0x0000000020654000 	/System/Library/Frameworks/Security.framework/Versions/A/Security
0x0000000020654000 	/System/Library/Frameworks/ApplicationServices.framework/Versions/A/ApplicationServices
0x0000000020654000 	/usr/lib/libz.1.dylib
0x0000000020654000 	/usr/lib/libSystem.B.dylib
0x0000000020654000 	/System/Library/Frameworks/CoreFoundation.framework/Versions/A/CoreFoundation
0x0000000020654000 	/System/Library/Frameworks/Foundation.framework/Versions/C/Foundation
0x0000000020654000 	/usr/lib/libobjc.A.dylib
0x0000000020654000 	/System/Library/Frameworks/AppKit.framework/Versions/C/AppKit
0x0000000020654000 	/System/Library/Frameworks/CoreData.framework/Versions/A/CoreData
0x0000000020654000 	/System/Library/PrivateFrameworks/RemoteViewServices.framework/Versions/A/RemoteViewServices
0x0000000020654000 	/System/Library/PrivateFrameworks/UIFoundation.framework/Versions/A/UIFoundation
0x0000000020654000 	/System/Library/PrivateFrameworks/XCTTargetBootstrap.framework/Versions/A/XCTTargetBootstrap
0x0000000020654000 	/System/Library/PrivateFrameworks/IconServices.framework/Versions/A/IconServices
0x0000000020654000 	/System/Library/Frameworks/Metal.framework/Versions/A/Metal
0x0000000020654000 	/System/Library/PrivateFrameworks/DesktopServicesPriv.framework/Versions/A/DesktopServicesPriv
0x0000000020654000 	/usr/lib/libenergytrace.dylib
0x0000000020654000 	/System/Library/PrivateFrameworks/SkyLight.framework/Versions/A/SkyLight
0x0000000020654000 	/System/Library/Frameworks/CoreGraphics.framework/Versions/A/CoreGraphics
0x0000000020654000 	/System/Library/Frameworks/Accelerate.framework/Versions/A/Accelerate
0x0000000020654000 	/System/Library/Frameworks/IOSurface.framework/Versions/A/IOSurface
0x0000000020654000 	/System/Library/PrivateFrameworks/DFRFoundation.framework/Versions/A/DFRFoundation
0x0000000020654000 	/System/Library/Frameworks/AudioToolbox.framework/Versions/A/AudioToolbox
0x0000000020654000 	/System/Library/Frameworks/AudioUnit.framework/Versions/A/AudioUnit
0x0000000020654000 	/System/Library/PrivateFrameworks/DataDetectorsCore.framework/Versions/A/DataDetectorsCore
0x0000000020654000 	/System/Library/Frameworks/Carbon.framework/Versions/A/Frameworks/HIToolbox.framework/Versions/A/HIToolbox
0x0000000020654000 	/usr/lib/libicucore.A.dylib
0x0000000020654000 	/System/Library/Frameworks/QuartzCore.framework/Versions/A/QuartzCore
0x0000000020654000 	/System/Library/Frameworks/Carbon.framework/Versions/A/Frameworks/SpeechRecognition.framework/Versions/A/SpeechRecognition
0x0000000020654000 	/usr/lib/libauto.dylib
0x0000000020654000 	/usr/lib/libxml2.2.dylib
0x0000000020654000 	/System/Library/PrivateFrameworks/CoreUI.framework/Versions/A/CoreUI
0x0000000020654000 	/System/Library/Frameworks/CoreAudio.framework/Versions/A/CoreAudio
0x0000000020654000 	/System/Library/Frameworks/DiskArbitration.framework/Versions/A/DiskArbitration
0x0000000020654000 	/usr/lib/liblangid.dylib
0x0000000020654000 	/System/Library/PrivateFrameworks/MultitouchSupport.framework/Versions/A/MultitouchSupport
0x0000000020654000 	/System/Library/Frameworks/IOKit.framework/Versions/A/IOKit
0x0000000020654000 	/usr/lib/libDiagnosticMessagesClient.dylib
0x0000000020654000 	/System/Library/Frameworks/CoreServices.framework/Versions/A/CoreServices
0x0000000020654000 	/System/Library/PrivateFrameworks/PerformanceAnalysis.framework/Versions/A/PerformanceAnalysis
0x0000000020654000 	/System/Library/Frameworks/OpenGL.framework/Versions/A/OpenGL
0x0000000020654000 	/System/Library/Frameworks/ColorSync.framework/Versions/A/ColorSync
0x0000000020654000 	/System/Library/Frameworks/CoreImage.framework/Versions/A/CoreImage
0x0000000020654000 	/System/Library/Frameworks/CoreText.framework/Versions/A/CoreText
0x0000000020654000 	/System/Library/Frameworks/ImageIO.framework/Versions/A/ImageIO
0x0000000020654000 	/System/Library/PrivateFrameworks/Backup.framework/Versions/A/Backup
0x0000000020654000 	/usr/lib/libarchive.2.dylib
0x0000000020654000 	/System/Library/Frameworks/CFNetwork.framework/Versions/A/CFNetwork
0x0000000020654000 	/System/Library/Frameworks/SystemConfiguration.framework/Versions/A/SystemConfiguration
0x0000000020654000 	/usr/lib/libCRFSuite.dylib
0x0000000020654000 	/usr/lib/libc++.1.dylib
0x0000000020654000 	/usr/lib/libc++abi.dylib
0x0000000020654000 	/usr/lib/system/libcache.dylib
0x0000000020654000 	/usr/lib/system/libcommonCrypto.dylib
0x0000000020654000 	/usr/lib/system/libcompiler_rt.dylib
0x0000000020654000 	/usr/lib/system/libcopyfile.dylib
0x0000000020654000 	/usr/lib/system/libcorecrypto.dylib
0x0000000020654000 	/usr/lib/system/libdispatch.dylib
0x0000000020654000 	/usr/lib/system/libdyld.dylib
0x0000000020654000 	/usr/lib/system/libkeymgr.dylib
0x0000000020654000 	/usr/lib/system/liblaunch.dylib
0x0000000020654000 	/usr/lib/system/libmacho.dylib
0x0000000020654000 	/usr/lib/system/libquarantine.dylib
0x0000000020654000 	/usr/lib/system/libremovefile.dylib
0x0000000020654000 	/usr/lib/system/libsystem_asl.dylib
0x0000000020654000 	/usr/lib/system/libsystem_blocks.dylib
0x0000000020654000 	/usr/lib/system/libsystem_c.dylib
0x0000000020654000 	/usr/lib/system/libsystem_configuration.dylib
0x0000000020654000 	/usr/lib/system/libsystem_coreservices.dylib
0x0000000020654000 	/usr/lib/system/libsystem_darwin.dylib
0x0000000020654000 	/usr/lib/system/libsystem_dnssd.dylib
0x0000000020654000 	/usr/lib/system/libsystem_info.dylib
0x0000000020654000 	/usr/lib/system/libsystem_m.dylib
0x0000000020654000 	/usr/lib/system/libsystem_malloc.dylib
0x0000000020654000 	/usr/lib/system/libsystem_networkextension.dylib
0x0000000020654000 	/usr/lib/system/libsystem_notify.dylib
0x0000000020654000 	/usr/lib/system/libsystem_sandbox.dylib
0x0000000020654000 	/usr/lib/system/libsystem_secinit.dylib
0x0000000020654000 	/usr/lib/system/libsystem_kernel.dylib
0x0000000020654000 	/usr/lib/system/libsystem_platform.dylib
0x0000000020654000 	/usr/lib/system/libsystem_pthread.dylib
0x0000000020654000 	/usr/lib/system/libsystem_symptoms.dylib
0x0000000020654000 	/usr/lib/system/libsystem_trace.dylib
0x0000000020654000 	/usr/lib/system/libunwind.dylib
0x0000000020654000 	/usr/lib/system/libxpc.dylib
0x0000000020654000 	/usr/lib/libbsm.0.dylib
0x0000000020654000 	/usr/lib/system/libkxld.dylib
0x0000000020654000 	/System/Library/PrivateFrameworks/AppleFSCompression.framework/Versions/A/AppleFSCompression
0x0000000020654000 	/usr/lib/libOpenScriptingUtil.dylib
0x0000000020654000 	/usr/lib/libcoretls.dylib
0x0000000020654000 	/usr/lib/libcoretls_cfhelpers.dylib
0x0000000020654000 	/usr/lib/libpam.2.dylib
0x0000000020654000 	/usr/lib/libsqlite3.dylib
0x0000000020654000 	/usr/lib/libxar.1.dylib
0x0000000020654000 	/usr/lib/libbz2.1.0.dylib
0x0000000020654000 	/usr/lib/liblzma.5.dylib
0x0000000020654000 	/usr/lib/libnetwork.dylib
0x0000000020654000 	/usr/lib/libapple_nghttp2.dylib
0x0000000020654000 	/usr/lib/libpcap.A.dylib
0x0000000020654000 	/System/Library/Frameworks/CoreServices.framework/Versions/A/Frameworks/FSEvents.framework/Versions/A/FSEvents
0x0000000020654000 	/System/Library/Frameworks/CoreServices.framework/Versions/A/Frameworks/CarbonCore.framework/Versions/A/CarbonCore
0x0000000020654000 	/System/Library/Frameworks/CoreServices.framework/Versions/A/Frameworks/Metadata.framework/Versions/A/Metadata
0x0000000020654000 	/System/Library/Frameworks/CoreServices.framework/Versions/A/Frameworks/OSServices.framework/Versions/A/OSServices
0x0000000020654000 	/System/Library/Frameworks/CoreServices.framework/Versions/A/Frameworks/SearchKit.framework/Versions/A/SearchKit
0x0000000020654000 	/System/Library/Frameworks/CoreServices.framework/Versions/A/Frameworks/AE.framework/Versions/A/AE
0x0000000020654000 	/System/Library/Frameworks/CoreServices.framework/Versions/A/Frameworks/LaunchServices.framework/Versions/A/LaunchServices
0x0000000020654000 	/System/Library/Frameworks/CoreServices.framework/Versions/A/Frameworks/DictionaryServices.framework/Versions/A/DictionaryServices
0x0000000020654000 	/System/Library/Frameworks/CoreServices.framework/Versions/A/Frameworks/SharedFileList.framework/Versions/A/SharedFileList
0x0000000020654000 	/System/Library/Frameworks/NetFS.framework/Versions/A/NetFS
0x0000000020654000 	/System/Library/PrivateFrameworks/NetAuth.framework/Versions/A/NetAuth
0x0000000020654000 	/System/Library/PrivateFrameworks/login.framework/Versions/A/Frameworks/loginsupport.framework/Versions/A/loginsupport
0x0000000020654000 	/System/Library/PrivateFrameworks/TCC.framework/Versions/A/TCC
0x0000000020654000 	/System/Library/PrivateFrameworks/CoreNLP.framework/Versions/A/CoreNLP
0x0000000020654000 	/System/Library/PrivateFrameworks/MetadataUtilities.framework/Versions/A/MetadataUtilities
0x0000000020654000 	/usr/lib/libmecabra.dylib
0x0000000020654000 	/System/Library/Frameworks/ApplicationServices.framework/Versions/A/Frameworks/ATS.framework/Versions/A/ATS
0x0000000020654000 	/System/Library/Frameworks/ApplicationServices.framework/Versions/A/Frameworks/ColorSyncLegacy.framework/Versions/A/ColorSyncLegacy
0x0000000020654000 	/System/Library/Frameworks/ApplicationServices.framework/Versions/A/Frameworks/HIServices.framework/Versions/A/HIServices
0x0000000020654000 	/System/Library/Frameworks/ApplicationServices.framework/Versions/A/Frameworks/LangAnalysis.framework/Versions/A/LangAnalysis
0x0000000020654000 	/System/Library/Frameworks/ApplicationServices.framework/Versions/A/Frameworks/PrintCore.framework/Versions/A/PrintCore
0x0000000020654000 	/System/Library/Frameworks/ApplicationServices.framework/Versions/A/Frameworks/QD.framework/Versions/A/QD
0x0000000020654000 	/System/Library/Frameworks/ApplicationServices.framework/Versions/A/Frameworks/SpeechSynthesis.framework/Versions/A/SpeechSynthesis
0x0000000020654000 	/usr/lib/libcompression.dylib
0x0000000020654000 	/System/Library/Frameworks/CoreDisplay.framework/Versions/A/CoreDisplay
0x0000000020654000 	/System/Library/Frameworks/MetalPerformanceShaders.framework/Versions/A/MetalPerformanceShaders
0x0000000020654000 	/System/Library/Frameworks/Accelerate.framework/Versions/A/Frameworks/vImage.framework/Versions/A/vImage
0x0000000020654000 	/System/Library/Frameworks/Accelerate.framework/Versions/A/Frameworks/vecLib.framework/Versions/A/vecLib
0x0000000020654000 	/System/Library/Frameworks/Accelerate.framework/Versions/A/Frameworks/vecLib.framework/Versions/A/libvMisc.dylib
0x0000000020654000 	/System/Library/Frameworks/Accelerate.framework/Versions/A/Frameworks/vecLib.framework/Versions/A/libvDSP.dylib
0x0000000020654000 	/System/Library/Frameworks/Accelerate.framework/Versions/A/Frameworks/vecLib.framework/Versions/A/libBLAS.dylib
0x0000000020654000 	/System/Library/Frameworks/Accelerate.framework/Versions/A/Frameworks/vecLib.framework/Versions/A/libLAPACK.dylib
0x0000000020654000 	/System/Library/Frameworks/Accelerate.framework/Versions/A/Frameworks/vecLib.framework/Versions/A/libLinearAlgebra.dylib
0x0000000020654000 	/System/Library/Frameworks/Accelerate.framework/Versions/A/Frameworks/vecLib.framework/Versions/A/libSparseBLAS.dylib
0x0000000020654000 	/System/Library/Frameworks/Accelerate.framework/Versions/A/Frameworks/vecLib.framework/Versions/A/libQuadrature.dylib
0x0000000020654000 	/System/Library/Frameworks/Accelerate.framework/Versions/A/Frameworks/vecLib.framework/Versions/A/libBNNS.dylib
0x0000000020654000 	/System/Library/Frameworks/Accelerate.framework/Versions/A/Frameworks/vecLib.framework/Versions/A/libSparse.dylib
0x0000000020654000 	/System/Library/PrivateFrameworks/GPUWrangler.framework/Versions/A/GPUWrangler
0x0000000020654000 	/System/Library/PrivateFrameworks/IOAccelerator.framework/Versions/A/IOAccelerator
0x0000000020654000 	/System/Library/PrivateFrameworks/IOPresentment.framework/Versions/A/IOPresentment
0x0000000020654000 	/System/Library/PrivateFrameworks/DSExternalDisplay.framework/Versions/A/DSExternalDisplay
0x0000000020654000 	/System/Library/Frameworks/OpenGL.framework/Versions/A/Libraries/libCoreFSCache.dylib
0x0000000020654000 	/System/Library/Frameworks/MetalPerformanceShaders.framework/Frameworks/MPSCore.framework/Versions/A/MPSCore
0x0000000020654000 	/System/Library/Frameworks/MetalPerformanceShaders.framework/Frameworks/MPSImage.framework/Versions/A/MPSImage
0x0000000020654000 	/System/Library/Frameworks/MetalPerformanceShaders.framework/Frameworks/MPSNeuralNetwork.framework/Versions/A/MPSNeuralNetwork
0x0000000020654000 	/System/Library/Frameworks/MetalPerformanceShaders.framework/Frameworks/MPSMatrix.framework/Versions/A/MPSMatrix
0x0000000020654000 	/System/Library/Frameworks/MetalPerformanceShaders.framework/Frameworks/MPSRayIntersector.framework/Versions/A/MPSRayIntersector
0x0000000020654000 	/System/Library/PrivateFrameworks/MetalTools.framework/Versions/A/MetalTools
0x0000000020654000 	/System/Library/PrivateFrameworks/AggregateDictionary.framework/Versions/A/AggregateDictionary
0x0000000020654000 	/usr/lib/libMobileGestalt.dylib
0x0000000020654000 	/System/Library/Frameworks/CoreVideo.framework/Versions/A/CoreVideo
0x0000000020654000 	/System/Library/PrivateFrameworks/GraphVisualizer.framework/Versions/A/GraphVisualizer
0x0000000020654000 	/System/Library/PrivateFrameworks/FaceCore.framework/Versions/A/FaceCore
0x0000000020654000 	/System/Library/Frameworks/OpenCL.framework/Versions/A/OpenCL
0x0000000020654000 	/usr/lib/libFosl_dynamic.dylib
0x0000000020654000 	/System/Library/PrivateFrameworks/OTSVG.framework/Versions/A/OTSVG
0x0000000020654000 	/System/Library/Frameworks/ApplicationServices.framework/Versions/A/Frameworks/ATS.framework/Versions/A/Resources/libFontParser.dylib
0x0000000020654000 	/System/Library/Frameworks/ApplicationServices.framework/Versions/A/Frameworks/ATS.framework/Versions/A/Resources/libFontRegistry.dylib
0x0000000020654000 	/System/Library/Frameworks/ImageIO.framework/Versions/A/Resources/libJPEG.dylib
0x0000000020654000 	/System/Library/Frameworks/ImageIO.framework/Versions/A/Resources/libTIFF.dylib
0x0000000020654000 	/System/Library/Frameworks/ImageIO.framework/Versions/A/Resources/libPng.dylib
0x0000000020654000 	/System/Library/Frameworks/ImageIO.framework/Versions/A/Resources/libGIF.dylib
0x0000000020654000 	/System/Library/Frameworks/ImageIO.framework/Versions/A/Resources/libJP2.dylib
0x0000000020654000 	/System/Library/Frameworks/ImageIO.framework/Versions/A/Resources/libRadiance.dylib
0x0000000020654000 	/System/Library/PrivateFrameworks/AppleJPEG.framework/Versions/A/AppleJPEG
0x0000000020654000 	/System/Library/Frameworks/OpenGL.framework/Versions/A/Libraries/libGFXShared.dylib
0x0000000020654000 	/System/Library/Frameworks/OpenGL.framework/Versions/A/Libraries/libGLU.dylib
0x0000000020654000 	/System/Library/Frameworks/OpenGL.framework/Versions/A/Libraries/libGL.dylib
0x0000000020654000 	/System/Library/Frameworks/OpenGL.framework/Versions/A/Libraries/libGLImage.dylib
0x0000000020654000 	/System/Library/Frameworks/OpenGL.framework/Versions/A/Libraries/libCVMSPluginSupport.dylib
0x0000000020654000 	/System/Library/Frameworks/OpenGL.framework/Versions/A/Libraries/libCoreVMClient.dylib
0x0000000020654000 	/usr/lib/libcups.2.dylib
0x0000000020654000 	/System/Library/Frameworks/Kerberos.framework/Versions/A/Kerberos
0x0000000020654000 	/System/Library/Frameworks/GSS.framework/Versions/A/GSS
0x0000000020654000 	/usr/lib/libresolv.9.dylib
0x0000000020654000 	/usr/lib/libiconv.2.dylib
0x0000000020654000 	/System/Library/PrivateFrameworks/Heimdal.framework/Versions/A/Heimdal
0x0000000020654000 	/usr/lib/libheimdal-asn1.dylib
0x0000000020654000 	/System/Library/Frameworks/OpenDirectory.framework/Versions/A/OpenDirectory
0x0000000020654000 	/System/Library/PrivateFrameworks/CommonAuth.framework/Versions/A/CommonAuth
0x0000000020654000 	/System/Library/Frameworks/OpenDirectory.framework/Versions/A/Frameworks/CFOpenDirectory.framework/Versions/A/CFOpenDirectory
0x0000000020654000 	/System/Library/Frameworks/SecurityFoundation.framework/Versions/A/SecurityFoundation
0x0000000020654000 	/System/Library/PrivateFrameworks/APFS.framework/Versions/A/APFS
0x0000000020654000 	/usr/lib/libutil.dylib
0x0000000020654000 	/usr/lib/libcharset.1.dylib
0x0000000020654000 	/System/Library/PrivateFrameworks/AppleSauce.framework/Versions/A/AppleSauce
0x0000000020654000 	/System/Library/PrivateFrameworks/AssertionServices.framework/Versions/A/AssertionServices
0x0000000020654000 	/System/Library/PrivateFrameworks/BaseBoard.framework/Versions/A/BaseBoard
0x0000000020654000 	/usr/lib/libmecab.1.0.0.dylib
0x0000000020654000 	/usr/lib/libgermantok.dylib
0x0000000020654000 	/usr/lib/libThaiTokenizer.dylib
0x0000000020654000 	/usr/lib/libChineseTokenizer.dylib
0x0000000020654000 	/System/Library/PrivateFrameworks/LanguageModeling.framework/Versions/A/LanguageModeling
0x0000000020654000 	/System/Library/PrivateFrameworks/CoreEmoji.framework/Versions/A/CoreEmoji
0x0000000020654000 	/System/Library/PrivateFrameworks/Lexicon.framework/Versions/A/Lexicon
0x0000000020654000 	/System/Library/PrivateFrameworks/LinguisticData.framework/Versions/A/LinguisticData
0x0000000020654000 	/usr/lib/libcmph.dylib
0x0000000020654000 	/System/Library/Frameworks/ServiceManagement.framework/Versions/A/ServiceManagement
0x0000000020654000 	/System/Library/PrivateFrameworks/BackgroundTaskManagement.framework/Versions/A/BackgroundTaskManagement
0x0000000020654000 	/usr/lib/libxslt.1.dylib
0x0000000020654000 	/System/Library/Frameworks/Carbon.framework/Versions/A/Frameworks/Ink.framework/Versions/A/Ink
0x0000000020654000 	/System/Library/PrivateFrameworks/TextureIO.framework/Versions/A/TextureIO
0x0000000020654000 	/usr/lib/libate.dylib
0x0000000020654000 	/System/Library/PrivateFrameworks/CrashReporterSupport.framework/Versions/A/CrashReporterSupport
0x0000000020654000 	/System/Library/PrivateFrameworks/Sharing.framework/Versions/A/Sharing
0x0000000020654000 	/System/Library/PrivateFrameworks/AuthKit.framework/Versions/A/AuthKit
0x0000000020654000 	/System/Library/PrivateFrameworks/Apple80211.framework/Versions/A/Apple80211
0x0000000020654000 	/System/Library/PrivateFrameworks/CoreUtils.framework/Versions/A/CoreUtils
0x0000000020654000 	/System/Library/Frameworks/CoreWLAN.framework/Versions/A/CoreWLAN
0x0000000020654000 	/System/Library/Frameworks/IOBluetooth.framework/Versions/A/IOBluetooth
0x0000000020654000 	/System/Library/PrivateFrameworks/ProtocolBuffer.framework/Versions/A/ProtocolBuffer
0x0000000020654000 	/System/Library/PrivateFrameworks/MobileKeyBag.framework/Versions/A/MobileKeyBag
0x0000000020654000 	/System/Library/PrivateFrameworks/CorePhoneNumbers.framework/Versions/A/CorePhoneNumbers
0x0000000020654000 	/System/Library/PrivateFrameworks/AppleIDAuthSupport.framework/Versions/A/AppleIDAuthSupport
0x0000000020654000 	/System/Library/PrivateFrameworks/KeychainCircle.framework/Versions/A/KeychainCircle
0x0000000020654000 	/System/Library/PrivateFrameworks/ROCKit.framework/Versions/A/ROCKit
0x0000000020654000 	/System/Library/PrivateFrameworks/CoreWiFi.framework/Versions/A/CoreWiFi
0x0000000020654000 	/System/Library/Frameworks/CoreBluetooth.framework/Versions/A/CoreBluetooth
0x0000000020654000 	/System/Library/PrivateFrameworks/DebugSymbols.framework/Versions/A/DebugSymbols
0x0000000020654000 	/System/Library/PrivateFrameworks/CoreSymbolication.framework/Versions/A/CoreSymbolication
0x0000000020654000 	/System/Library/PrivateFrameworks/Symbolication.framework/Versions/A/Symbolication
0x0000000020654000 	/System/Library/PrivateFrameworks/SpeechRecognitionCore.framework/Versions/A/SpeechRecognitionCore
0x0000000101800000 	/Applications/Android Studio.app/Contents/jre/jdk/Contents/Home/jre/lib/server/libjvm.dylib
0x0000000020654000 	/usr/lib/libstdc++.6.dylib
0x0000000100f9c000 	/Applications/Android Studio.app/Contents/jre/jdk/Contents/Home/jre/lib/libverify.dylib
0x0000000100fa8000 	/Applications/Android Studio.app/Contents/jre/jdk/Contents/Home/jre/lib/libjava.dylib
0x0000000100fdd000 	/Applications/Android Studio.app/Contents/jre/jdk/Contents/Home/jre/lib/libinstrument.dylib
0x0000000102315000 	/Applications/Android Studio.app/Contents/jre/jdk/Contents/Home/jre/lib/libzip.dylib
0x0000000108d75000 	/Applications/Android Studio.app/Contents/jre/jdk/Contents/Home/jre/lib/libnet.dylib
0x0000000108dd4000 	/private/var/folders/8c/d_m_t3rj4jg54_3qg1bkm5xr0000gn/T/libgdxaryan/e6d6dca3/libgdx64.dylib
0x0000000108e24000 	/Applications/Android Studio.app/Contents/jre/jdk/Contents/Home/jre/lib/libawt.dylib
0x0000000108ec7000 	/Applications/Android Studio.app/Contents/jre/jdk/Contents/Home/jre/lib/./libmlib_image.dylib
0x0000000020654000 	/System/Library/Frameworks/JavaVM.framework/Versions/A/Frameworks/JavaNativeFoundation.framework/Versions/A/JavaNativeFoundation
0x0000000020654000 	/System/Library/Frameworks/JavaVM.framework/Versions/A/Frameworks/JavaRuntimeSupport.framework/Versions/A/JavaRuntimeSupport
0x0000000020654000 	/System/Library/Frameworks/JavaVM.framework/Versions/A/JavaVM
0x0000000020654000 	/System/Library/PrivateFrameworks/JavaLaunching.framework/Versions/A/JavaLaunching
0x0000000020654000 	/System/Library/Frameworks/Carbon.framework/Versions/A/Carbon
0x0000000020654000 	/System/Library/Frameworks/Carbon.framework/Versions/A/Frameworks/CommonPanels.framework/Versions/A/CommonPanels
0x0000000020654000 	/System/Library/Frameworks/Carbon.framework/Versions/A/Frameworks/Help.framework/Versions/A/Help
0x0000000020654000 	/System/Library/Frameworks/Carbon.framework/Versions/A/Frameworks/ImageCapture.framework/Versions/A/ImageCapture
0x0000000020654000 	/System/Library/Frameworks/Carbon.framework/Versions/A/Frameworks/OpenScripting.framework/Versions/A/OpenScripting
0x0000000020654000 	/System/Library/Frameworks/Carbon.framework/Versions/A/Frameworks/Print.framework/Versions/A/Print
0x0000000020654000 	/System/Library/Frameworks/Carbon.framework/Versions/A/Frameworks/SecurityHI.framework/Versions/A/SecurityHI
0x0000000108f81000 	/Applications/Android Studio.app/Contents/jre/jdk/Contents/Home/jre/lib/libawt_lwawt.dylib
0x000000010903d000 	/Applications/Android Studio.app/Contents/jre/jdk/Contents/Home/jre/lib/./libosxapp.dylib
0x0000000020654000 	/System/Library/Frameworks/ExceptionHandling.framework/Versions/A/ExceptionHandling
0x0000000020654000 	/System/Library/PrivateFrameworks/CoreServicesInternal.framework/Versions/A/CoreServicesInternal
0x0000000020654000 	/System/Library/CoreServices/RawCamera.bundle/Contents/MacOS/RawCamera
0x0000000020654000 	/System/Library/PrivateFrameworks/MobileAsset.framework/Versions/A/MobileAsset
0x0000000020654000 	/System/Library/PrivateFrameworks/StreamingZip.framework/Versions/A/StreamingZip
0x0000000020654000 	/System/Library/Frameworks/MediaToolbox.framework/Versions/A/MediaToolbox
0x0000000020654000 	/System/Library/PrivateFrameworks/CoreAVCHD.framework/Versions/A/CoreAVCHD
0x0000000020654000 	/System/Library/Frameworks/MediaAccessibility.framework/Versions/A/MediaAccessibility
0x0000000020654000 	/System/Library/PrivateFrameworks/Mangrove.framework/Versions/A/Mangrove
0x0000000020654000 	/System/Library/Frameworks/CoreMedia.framework/Versions/A/CoreMedia
0x0000000020654000 	/System/Library/Frameworks/VideoToolbox.framework/Versions/A/VideoToolbox
0x0000000020654000 	/System/Library/PrivateFrameworks/CoreAUC.framework/Versions/A/CoreAUC
0x0000000020654000 	/usr/lib/libspindump.dylib
0x0000000020654000 	/System/Library/PrivateFrameworks/AppleVA.framework/Versions/A/AppleVA
0x0000000020654000 	/System/Library/Frameworks/Accelerate.framework/Versions/A/Frameworks/vImage.framework/Versions/A/Libraries/libCGInterfaces.dylib
0x0000000020654000 	/System/Library/Frameworks/ApplicationServices.framework/Versions/A/Frameworks/ATS.framework/Versions/A/Resources/libTrueTypeScaler.dylib
0x0000000020654000 	/System/Library/Extensions/AppleIntelBDWGraphicsMTLDriver.bundle/Contents/MacOS/AppleIntelBDWGraphicsMTLDriver
0x0000000020654000 	/System/Library/PrivateFrameworks/GPUCompiler.framework/Versions/3902/Libraries/libmetal_timestamp.dylib
0x0000000020654000 	/System/Library/PrivateFrameworks/ViewBridge.framework/Versions/A/ViewBridge
0x000000011c08f000 	/Applications/Android Studio.app/Contents/jre/jdk/Contents/Home/jre/lib/libfontmanager.dylib
0x000000011c195000 	/Applications/Android Studio.app/Contents/jre/jdk/Contents/Home/jre/lib/./libfreetype.dylib.6
0x000000011c253000 	/private/var/folders/8c/d_m_t3rj4jg54_3qg1bkm5xr0000gn/T/libgdxaryan/f7649394/liblwjgl.dylib
0x0000000109d55000 	/Applications/Android Studio.app/Contents/jre/jdk/Contents/Home/jre/lib/libjawt.dylib
0x000000011c2d5000 	/var/folders/8c/d_m_t3rj4jg54_3qg1bkm5xr0000gn/T/libgdxaryan/f7649394/openal.dylib
0x0000000020654000 	/System/Library/PrivateFrameworks/login.framework/Versions/A/login
0x000000011c386000 	/System/Library/Components/CoreAudio.component/Contents/MacOS/CoreAudio
0x0000000109f78000 	/System/Library/Extensions/AppleHDA.kext/Contents/PlugIns/AppleHDAHALPlugIn.bundle/Contents/MacOS/AppleHDAHALPlugIn
0x0000000020654000 	/System/Library/Frameworks/OpenGL.framework/Versions/A/Resources/GLEngine.bundle/GLEngine
0x0000000020654000 	/System/Library/Frameworks/OpenGL.framework/Versions/A/Libraries/libGLProgrammability.dylib
0x0000000020654000 	/System/Library/Extensions/AppleIntelBDWGraphicsGLDriver.bundle/Contents/MacOS/AppleIntelBDWGraphicsGLDriver
0x0000000020654000 	/System/Library/PrivateFrameworks/GPUSupport.framework/Versions/A/Libraries/libGPUSupportMercury.dylib
0x0000000020654000 	/System/Library/Frameworks/OpenGL.framework/Versions/A/Resources/GLRendererFloat.bundle/GLRendererFloat
0x0000000020654000 	/System/Library/Frameworks/OpenCL.framework/Versions/A/Libraries/libcldcpuengine.dylib
0x0000000020654000 	/usr/lib/libcrypto.35.dylib
0x0000000020654000 	/System/Library/PrivateFrameworks/TrustEvaluationAgent.framework/Versions/A/TrustEvaluationAgent
0x000000011c612000 	/usr/lib/libobjc-trampolines.dylib
0x000000011d2ec000 	/private/var/folders/8c/d_m_t3rj4jg54_3qg1bkm5xr0000gn/T/libgdxaryan/b49a574f/libgdx-box2d64.dylib

VM Arguments:
jvm_args: -javaagent:/Applications/Android Studio.app/Contents/lib/idea_rt.jar=64605:/Applications/Android Studio.app/Contents/bin -Dfile.encoding=UTF-8 
java_command: com.mariobrosaryan.game.desktop.DesktopLauncher
java_class_path (initial): /Applications/Android Studio.app/Contents/jre/jdk/Contents/Home/jre/lib/charsets.jar:/Applications/Android Studio.app/Contents/jre/jdk/Contents/Home/jre/lib/ext/cldrdata.jar:/Applications/Android Studio.app/Contents/jre/jdk/Contents/Home/jre/lib/ext/dnsns.jar:/Applications/Android Studio.app/Contents/jre/jdk/Contents/Home/jre/lib/ext/jaccess.jar:/Applications/Android Studio.app/Contents/jre/jdk/Contents/Home/jre/lib/ext/localedata.jar:/Applications/Android Studio.app/Contents/jre/jdk/Contents/Home/jre/lib/ext/nashorn.jar:/Applications/Android Studio.app/Contents/jre/jdk/Contents/Home/jre/lib/ext/sunec.jar:/Applications/Android Studio.app/Contents/jre/jdk/Contents/Home/jre/lib/ext/sunjce_provider.jar:/Applications/Android Studio.app/Contents/jre/jdk/Contents/Home/jre/lib/ext/sunpkcs11.jar:/Applications/Android Studio.app/Contents/jre/jdk/Contents/Home/jre/lib/ext/zipfs.jar:/Applications/Android Studio.app/Contents/jre/jdk/Contents/Home/jre/lib/jce.jar:/Applications/Android Studio.app/Contents/jre/jdk/Contents/Home/jre/lib/jsse.jar:/Applications/Android Studio.app/Contents/jre/jdk/Contents/Home/jre/lib/management-agent.jar:/Applications/Android Studio.app/Contents/jre/jdk/Contents/Home/jre/lib/resources.jar:/Applications/Android Studio.app/Contents/jre/jdk/Contents/Home/jre/lib/rt.jar:/Applications/Android Studio.app/Contents/jre/jdk/Contents/Home/lib/dt.jar:/Applications/Android Studio.app/Contents/jre/jdk/Contents/Home/lib/jconsole.jar:/Applications/Android Studio.app/Contents/jre/jdk/Contents/Home/lib/sa-jdi.jar:/Applications/Android Studio.app/Contents/jre/jdk/Contents/Home/lib/tools.jar:/Users/aryan/Downloads/mariobros/desktop/build/classes/java/main:/Users/aryan/Downloads/mariobros/core/build/classes/java/main:/Users/aryan/.gradle/caches/modules-2/files-2.1/com.badlogicgames.gdx/gdx-backend-lwjgl/1.9.9/ca8911cb94c0bfeb59f99e46ca9b92440958fb0e/gdx-backend-lwjgl-1.9.9.jar:/Users/aryan/.gradle/caches/modules-2/files-2.1/com.badlogicgame
Launcher Type: SUN_STANDARD

Environment Variables:
PATH=/Users/aryan/anaconda3/bin:/Library/Frameworks/Python.framework/Versions/3.7/bin:/usr/local/bin:/usr/bin:/bin:/usr/sbin:/sbin:/Library/Frameworks/Mono.framework/Versions/Current/Commands
SHELL=/bin/bash

Signal Handlers:
SIGSEGV: [libjvm.dylib+0x570b99], sa_mask[0]=11111111011111110111111111111111, sa_flags=SA_ONSTACK|SA_RESTART|SA_SIGINFO
SIGBUS: [libjvm.dylib+0x570b99], sa_mask[0]=11111111011111110111111111111111, sa_flags=SA_RESTART|SA_SIGINFO
SIGFPE: [libjvm.dylib+0x461f7d], sa_mask[0]=11111111011111110111111111111111, sa_flags=SA_RESTART|SA_SIGINFO
SIGPIPE: [libjvm.dylib+0x461f7d], sa_mask[0]=11111111011111110111111111111111, sa_flags=SA_RESTART|SA_SIGINFO
SIGXFSZ: [libjvm.dylib+0x461f7d], sa_mask[0]=11111111011111110111111111111111, sa_flags=SA_RESTART|SA_SIGINFO
SIGILL: [libjvm.dylib+0x461f7d], sa_mask[0]=11111111011111110111111111111111, sa_flags=SA_RESTART|SA_SIGINFO
SIGUSR1: SIG_DFL, sa_mask[0]=00000000000000000000000000000000, sa_flags=none
SIGUSR2: [libjvm.dylib+0x46288e], sa_mask[0]=00100000000000000000000000000000, sa_flags=SA_RESTART|SA_SIGINFO
SIGHUP: [libjvm.dylib+0x460a77], sa_mask[0]=11111111011111110111111111111111, sa_flags=SA_RESTART|SA_SIGINFO
SIGINT: [libjvm.dylib+0x460a77], sa_mask[0]=11111111011111110111111111111111, sa_flags=SA_RESTART|SA_SIGINFO
SIGTERM: [libjvm.dylib+0x460a77], sa_mask[0]=11111111011111110111111111111111, sa_flags=SA_RESTART|SA_SIGINFO
SIGQUIT: [libjvm.dylib+0x460a77], sa_mask[0]=11111111011111110111111111111111, sa_flags=SA_RESTART|SA_SIGINFO


---------------  S Y S T E M  ---------------

OS:Bsduname:Darwin 18.2.0 Darwin Kernel Version 18.2.0: Mon Nov 12 20:24:46 PST 2018; root:xnu-4903.231.4~2/RELEASE_X86_64 x86_64
rlimit: STACK 8192k, CORE 0k, NPROC 709, NOFILE 10240, AS infinity
load average:3.00 2.37 2.34

CPU:total 4 (initial active 4) (2 cores per cpu, 2 threads per core) family 6 model 61 stepping 4, cmov, cx8, fxsr, mmx, sse, sse2, sse3, ssse3, sse4.1, sse4.2, popcnt, avx, avx2, aes, clmul, erms, rtm, 3dnowpref, lzcnt, ht, tsc, tscinvbit, bmi1, bmi2, adx

Memory: 4k page, physical 8388608k(88020k free)

/proc/meminfo:


vm_info: OpenJDK 64-Bit Server VM (25.152-b06) for bsd-amd64 JRE (1.8.0_152-release-1136-b06), built by "builder" with gcc 4.2.1 Compatible Apple LLVM 9.1.0 (clang-902.0.39.2)

time: Sat Jan 12 00:43:46 2019
elapsed time: 18 seconds (0d 0h 0m 18s)

